2022.11.07 11:07:16 INFO  tracing is disabled for protocol LSP, to enable tracing of incoming and outgoing JSON messages create an empty file at /home/htadmin/Music/python/.metals/lsp.trace.json or /home/htadmin/.cache/metals/lsp.trace.json
2022.11.07 11:07:16 INFO  logging to file /home/htadmin/Music/python/.metals/metals.log
2022.11.07 11:07:16 INFO  Started: Metals version 0.11.9 in workspace '/home/htadmin/Music/python' for client Visual Studio Code 1.72.2.
2022.11.07 11:07:16 WARN  Can't instantiate JavaInteractiveSemanticdb (version: JdkVersion(11), jdkHome: /usr/lib/jvm/java-11-openjdk-amd64, javac exists: false)
2022.11.07 11:07:18 INFO  time: initialize in 1.26s
2022.11.07 11:07:20 WARN  Build server is not auto-connectable.
2022.11.07 11:07:20 WARN  no build tool detected in workspace '/home/htadmin/Music/python'. The most common cause for this problem is that the editor was opened in the wrong working directory, for example if you use sbt then the workspace directory should contain build.sbt. 
2022.11.07 11:07:20 WARN  no build target for: /home/htadmin/Music/python/prac.scala
Nov 07, 2022 11:07:21 AM org.eclipse.lsp4j.jsonrpc.RemoteEndpoint handleCancellation
WARNING: Unmatched cancel notification for request id 2
Nov 07, 2022 11:07:21 AM org.eclipse.lsp4j.jsonrpc.RemoteEndpoint handleCancellation
WARNING: Unmatched cancel notification for request id 3
Nov 07, 2022 11:07:21 AM org.eclipse.lsp4j.jsonrpc.RemoteEndpoint handleCancellation
WARNING: Unmatched cancel notification for request id 1
2022.11.07 11:08:58 INFO  no build target found for /home/htadmin/Music/python/prac.scala. Using presentation compiler with project's scala-library version: 3.2.0
2022.11.07 11:09:00 INFO  time: code lens generation in 31s
2022.11.07 11:09:00 INFO  time: code lens generation in 1m38s
2022.11.07 11:09:00 INFO  time: code lens generation in 50s
2022.11.07 12:23:29 WARN  no build target for: /home/htadmin/Music/python/hello.scala
2022.11.07 12:23:44 WARN  no build target for: /home/htadmin/Music/python/hello.scala
2022.11.07 12:24:20 WARN  no build target for: /home/htadmin/Music/python/hello.scala
2022.11.10 12:58:40 INFO  tracing is disabled for protocol LSP, to enable tracing of incoming and outgoing JSON messages create an empty file at /home/htadmin/Music/python/.metals/lsp.trace.json or /home/htadmin/.cache/metals/lsp.trace.json
2022.11.10 12:59:08 INFO  logging to file /home/htadmin/Music/python/.metals/metals.log
2022.11.10 12:59:08 INFO  Started: Metals version 0.11.9 in workspace '/home/htadmin/Music/python' for client Visual Studio Code 1.72.2.
2022.11.10 12:59:08 WARN  Can't instantiate JavaInteractiveSemanticdb (version: JdkVersion(11), jdkHome: /usr/lib/jvm/java-11-openjdk-amd64, javac exists: false)
2022.11.10 12:59:18 INFO  time: initialize in 10s
2022.11.10 12:59:23 WARN  Build server is not auto-connectable.
2022.11.10 12:59:23 WARN  no build tool detected in workspace '/home/htadmin/Music/python'. The most common cause for this problem is that the editor was opened in the wrong working directory, for example if you use sbt then the workspace directory should contain build.sbt. 
2022.11.10 12:59:23 WARN  no build target for: /home/htadmin/Music/python/hello.scala
2022.11.10 12:59:35 INFO  no build target found for /home/htadmin/Music/python/hello.scala. Using presentation compiler with project's scala-library version: 3.2.0
2022.11.10 20:11:50 INFO  shutting down Metals
2022.11.23 10:46:48 INFO  tracing is disabled for protocol LSP, to enable tracing of incoming and outgoing JSON messages create an empty file at /home/htadmin/Music/python/.metals/lsp.trace.json or /home/htadmin/.cache/metals/lsp.trace.json
2022.11.23 10:46:54 INFO  logging to file /home/htadmin/Music/python/.metals/metals.log
2022.11.23 10:46:54 INFO  Started: Metals version 0.11.9 in workspace '/home/htadmin/Music/python' for client Visual Studio Code 1.72.2.
2022.11.23 10:46:54 WARN  Can't instantiate JavaInteractiveSemanticdb (version: JdkVersion(11), jdkHome: /usr/lib/jvm/java-11-openjdk-amd64, javac exists: false)
2022.11.23 10:47:00 INFO  time: initialize in 6.45s
2022.11.23 10:47:04 WARN  Build server is not auto-connectable.
2022.11.23 10:47:04 WARN  no build tool detected in workspace '/home/htadmin/Music/python'. The most common cause for this problem is that the editor was opened in the wrong working directory, for example if you use sbt then the workspace directory should contain build.sbt. 
2022.11.23 10:47:04 WARN  no build target for: /home/htadmin/Music/python/hello.scala
2022.11.23 10:47:15 INFO  no build target found for /home/htadmin/Music/python/hello.scala. Using presentation compiler with project's scala-library version: 3.2.0
2022.11.23 10:47:25 INFO  time: code lens generation in 20s
2022.11.23 20:02:57 INFO  shutting down Metals
2023.02.07 11:22:57 INFO  tracing is disabled for protocol LSP, to enable tracing of incoming and outgoing JSON messages create an empty file at /home/htadmin/Music/python/.metals/lsp.trace.json or /home/htadmin/.cache/metals/lsp.trace.json[0m
2023.02.07 11:22:59 INFO  logging to file /home/htadmin/Music/python/.metals/metals.log[0m
2023.02.07 11:22:59 INFO  Started: Metals version 0.11.10 in workspace '/home/htadmin/Music/python' for client Visual Studio Code 1.74.1.[0m
2023.02.07 11:22:59 WARN  Can't instantiate JavaInteractiveSemanticdb (version: JdkVersion(11), jdkHome: /usr/lib/jvm/java-11-openjdk-amd64, javac exists: false)[0m
SLF4J: No SLF4J providers were found.
SLF4J: Defaulting to no-operation (NOP) logger implementation
SLF4J: See https://www.slf4j.org/codes.html#noProviders for further details.
SLF4J: Class path contains SLF4J bindings targeting slf4j-api versions 1.7.x or earlier.
SLF4J: Ignoring binding found at [jar:file:/home/htadmin/.cache/coursier/v1/https/repo1.maven.org/maven2/com/outr/scribe-slf4j_2.13/3.10.5/scribe-slf4j_2.13-3.10.5.jar!/org/slf4j/impl/StaticLoggerBinder.class]
SLF4J: See https://www.slf4j.org/codes.html#ignoredBindings for an explanation.
2023.02.07 11:23:03 INFO  time: initialize in 3.77s[0m
2023.02.07 11:23:06 WARN  Build server is not auto-connectable.[0m
2023.02.07 11:23:06 WARN  no build tool detected in workspace '/home/htadmin/Music/python'. The most common cause for this problem is that the editor was opened in the wrong working directory, for example if you use sbt then the workspace directory should contain build.sbt. [0m
2023.02.07 20:20:46 INFO  shutting down Metals[0m
